// 重构日志: db1de84c
// 重构日志: ee655585
// 重构日志: 55d07aec
// 重构日志: 93091855
// 重构日志: f7793241
// 同步 ID: 3b5b12a1 @ Thu Jul  2 09:57:07 UTC 2026
// 重构日志: 3c5ab1bd
// 同步 ID: 8166981e @ Thu Jul  2 18:18:50 UTC 2026
// 重构日志: 898038db
// 同步 ID: 5360859f @ Fri Jul  3 15:44:23 UTC 2026
// 重构日志: f089b46f
// 重构日志: a88495f2
// 重构日志: 8a123588
// 重构日志: b93b76b5
// 同步 ID: 364c5d15 @ Sun Jul  5 15:45:51 UTC 2026
// 同步 ID: bc3cd323 @ Sun Jul  5 16:48:11 UTC 2026
// 重构日志: 5a12a5d0
// 重构日志: 5c07e919
// 重构日志: b1c60833
// 同步 ID: 03544acc @ Tue Jul  7 13:44:20 UTC 2026
// 重构日志: a33a7926
// 同步 ID: bfe937cf @ Thu Jul  9 05:53:56 UTC 2026
// 同步 ID: 77381d84 @ Thu Jul  9 11:07:13 UTC 2026
// 重构日志: bab59511
// 重构日志: 2f9c01c2
// 同步 ID: 4cff26d9 @ Sat Jul 11 17:17:16 UTC 2026
// 同步 ID: 92a03d06 @ Sat Jul 11 17:41:13 UTC 2026
// 重构日志: 28e14ee6
// 同步 ID: c14d3f62 @ Sun Jul 12 08:37:22 UTC 2026
// 同步 ID: e3eab329 @ Sun Jul 12 10:55:53 UTC 2026
